{"/app/app.js": {"path":"/app/app.js","statementMap":{"0":{"start":{"line":1,"column":16},"end":{"line":1,"column":34}},"1":{"start":{"line":2,"column":13},"end":{"line":2,"column":28}},"2":{"start":{"line":3,"column":14},"end":{"line":3,"column":31}},"3":{"start":{"line":4,"column":0},"end":{"line":4,"column":26}},"4":{"start":{"line":6,"column":12},"end":{"line":6,"column":21}},"5":{"start":{"line":7,"column":0},"end":{"line":7,"column":15}},"6":{"start":{"line":8,"column":13},"end":{"line":8,"column":17}},"7":{"start":{"line":13,"column":2},"end":{"line":18,"column":4}},"8":{"start":{"line":21,"column":2},"end":{"line":30,"column":4}},"9":{"start":{"line":22,"column":4},"end":{"line":29,"column":5}},"10":{"start":{"line":23,"column":6},"end":{"line":23,"column":54}},"11":{"start":{"line":25,"column":6},"end":{"line":25,"column":45}},"12":{"start":{"line":26,"column":6},"end":{"line":26,"column":40}},"13":{"start":{"line":28,"column":6},"end":{"line":28,"column":48}},"14":{"start":{"line":34,"column":0},"end":{"line":34,"column":18}},"15":{"start":{"line":39,"column":0},"end":{"line":48,"column":2}},"16":{"start":{"line":40,"column":2},"end":{"line":47,"column":4}},"17":{"start":{"line":41,"column":4},"end":{"line":46,"column":5}},"18":{"start":{"line":42,"column":6},"end":{"line":42,"column":50}},"19":{"start":{"line":43,"column":6},"end":{"line":43,"column":62}},"20":{"start":{"line":45,"column":6},"end":{"line":45,"column":23}},"21":{"start":{"line":51,"column":0},"end":{"line":60,"column":2}},"22":{"start":{"line":52,"column":2},"end":{"line":59,"column":4}},"23":{"start":{"line":53,"column":4},"end":{"line":58,"column":5}},"24":{"start":{"line":54,"column":6},"end":{"line":54,"column":50}},"25":{"start":{"line":55,"column":6},"end":{"line":55,"column":62}},"26":{"start":{"line":57,"column":6},"end":{"line":57,"column":23}},"27":{"start":{"line":63,"column":0},"end":{"line":72,"column":2}},"28":{"start":{"line":64,"column":2},"end":{"line":71,"column":4}},"29":{"start":{"line":65,"column":4},"end":{"line":70,"column":5}},"30":{"start":{"line":66,"column":6},"end":{"line":66,"column":50}},"31":{"start":{"line":67,"column":6},"end":{"line":67,"column":62}},"32":{"start":{"line":69,"column":6},"end":{"line":69,"column":23}},"33":{"start":{"line":75,"column":0},"end":{"line":84,"column":2}},"34":{"start":{"line":76,"column":2},"end":{"line":83,"column":4}},"35":{"start":{"line":77,"column":4},"end":{"line":82,"column":5}},"36":{"start":{"line":78,"column":6},"end":{"line":78,"column":50}},"37":{"start":{"line":79,"column":6},"end":{"line":79,"column":62}},"38":{"start":{"line":81,"column":6},"end":{"line":81,"column":23}},"39":{"start":{"line":87,"column":0},"end":{"line":96,"column":2}},"40":{"start":{"line":88,"column":2},"end":{"line":95,"column":4}},"41":{"start":{"line":89,"column":4},"end":{"line":94,"column":5}},"42":{"start":{"line":90,"column":6},"end":{"line":90,"column":50}},"43":{"start":{"line":91,"column":6},"end":{"line":91,"column":62}},"44":{"start":{"line":93,"column":6},"end":{"line":93,"column":23}},"45":{"start":{"line":99,"column":0},"end":{"line":113,"column":2}},"46":{"start":{"line":100,"column":18},"end":{"line":100,"column":36}},"47":{"start":{"line":101,"column":2},"end":{"line":112,"column":3}},"48":{"start":{"line":105,"column":6},"end":{"line":110,"column":7}},"49":{"start":{"line":106,"column":8},"end":{"line":106,"column":52}},"50":{"start":{"line":107,"column":8},"end":{"line":107,"column":64}},"51":{"start":{"line":109,"column":8},"end":{"line":109,"column":25}},"52":{"start":{"line":117,"column":2},"end":{"line":121,"column":3}},"53":{"start":{"line":118,"column":4},"end":{"line":120,"column":6}},"54":{"start":{"line":119,"column":6},"end":{"line":119,"column":54}},"55":{"start":{"line":123,"column":0},"end":{"line":123,"column":20}}},"fnMap":{"0":{"name":"connectWithRetry","decl":{"start":{"line":12,"column":9},"end":{"line":12,"column":25}},"loc":{"start":{"line":12,"column":28},"end":{"line":31,"column":1}},"line":12},"1":{"name":"(anonymous_1)","decl":{"start":{"line":21,"column":13},"end":{"line":21,"column":14}},"loc":{"start":{"line":21,"column":22},"end":{"line":30,"column":3}},"line":21},"2":{"name":"(anonymous_2)","decl":{"start":{"line":39,"column":23},"end":{"line":39,"column":24}},"loc":{"start":{"line":39,"column":37},"end":{"line":48,"column":1}},"line":39},"3":{"name":"(anonymous_3)","decl":{"start":{"line":40,"column":39},"end":{"line":40,"column":40}},"loc":{"start":{"line":40,"column":57},"end":{"line":47,"column":3}},"line":40},"4":{"name":"(anonymous_4)","decl":{"start":{"line":51,"column":24},"end":{"line":51,"column":25}},"loc":{"start":{"line":51,"column":38},"end":{"line":60,"column":1}},"line":51},"5":{"name":"(anonymous_5)","decl":{"start":{"line":52,"column":41},"end":{"line":52,"column":42}},"loc":{"start":{"line":52,"column":59},"end":{"line":59,"column":3}},"line":52},"6":{"name":"(anonymous_6)","decl":{"start":{"line":63,"column":19},"end":{"line":63,"column":20}},"loc":{"start":{"line":63,"column":33},"end":{"line":72,"column":1}},"line":63},"7":{"name":"(anonymous_7)","decl":{"start":{"line":64,"column":35},"end":{"line":64,"column":36}},"loc":{"start":{"line":64,"column":53},"end":{"line":71,"column":3}},"line":64},"8":{"name":"(anonymous_8)","decl":{"start":{"line":75,"column":22},"end":{"line":75,"column":23}},"loc":{"start":{"line":75,"column":36},"end":{"line":84,"column":1}},"line":75},"9":{"name":"(anonymous_9)","decl":{"start":{"line":76,"column":37},"end":{"line":76,"column":38}},"loc":{"start":{"line":76,"column":55},"end":{"line":83,"column":3}},"line":76},"10":{"name":"(anonymous_10)","decl":{"start":{"line":87,"column":19},"end":{"line":87,"column":20}},"loc":{"start":{"line":87,"column":33},"end":{"line":96,"column":1}},"line":87},"11":{"name":"(anonymous_11)","decl":{"start":{"line":88,"column":36},"end":{"line":88,"column":37}},"loc":{"start":{"line":88,"column":54},"end":{"line":95,"column":3}},"line":88},"12":{"name":"(anonymous_12)","decl":{"start":{"line":99,"column":34},"end":{"line":99,"column":35}},"loc":{"start":{"line":99,"column":48},"end":{"line":113,"column":1}},"line":99},"13":{"name":"(anonymous_13)","decl":{"start":{"line":104,"column":4},"end":{"line":104,"column":5}},"loc":{"start":{"line":104,"column":22},"end":{"line":111,"column":5}},"line":104},"14":{"name":"startServerIfNeeded","decl":{"start":{"line":116,"column":9},"end":{"line":116,"column":28}},"loc":{"start":{"line":116,"column":31},"end":{"line":122,"column":1}},"line":116},"15":{"name":"(anonymous_15)","decl":{"start":{"line":118,"column":30},"end":{"line":118,"column":31}},"loc":{"start":{"line":118,"column":36},"end":{"line":120,"column":5}},"line":118}},"branchMap":{"0":{"loc":{"start":{"line":22,"column":4},"end":{"line":29,"column":5}},"type":"if","locations":[{"start":{"line":22,"column":4},"end":{"line":29,"column":5}},{"start":{"line":27,"column":11},"end":{"line":29,"column":5}}],"line":22},"1":{"loc":{"start":{"line":41,"column":4},"end":{"line":46,"column":5}},"type":"if","locations":[{"start":{"line":41,"column":4},"end":{"line":46,"column":5}},{"start":{"line":44,"column":11},"end":{"line":46,"column":5}}],"line":41},"2":{"loc":{"start":{"line":53,"column":4},"end":{"line":58,"column":5}},"type":"if","locations":[{"start":{"line":53,"column":4},"end":{"line":58,"column":5}},{"start":{"line":56,"column":11},"end":{"line":58,"column":5}}],"line":53},"3":{"loc":{"start":{"line":65,"column":4},"end":{"line":70,"column":5}},"type":"if","locations":[{"start":{"line":65,"column":4},"end":{"line":70,"column":5}},{"start":{"line":68,"column":11},"end":{"line":70,"column":5}}],"line":65},"4":{"loc":{"start":{"line":77,"column":4},"end":{"line":82,"column":5}},"type":"if","locations":[{"start":{"line":77,"column":4},"end":{"line":82,"column":5}},{"start":{"line":80,"column":11},"end":{"line":82,"column":5}}],"line":77},"5":{"loc":{"start":{"line":89,"column":4},"end":{"line":94,"column":5}},"type":"if","locations":[{"start":{"line":89,"column":4},"end":{"line":94,"column":5}},{"start":{"line":92,"column":11},"end":{"line":94,"column":5}}],"line":89},"6":{"loc":{"start":{"line":105,"column":6},"end":{"line":110,"column":7}},"type":"if","locations":[{"start":{"line":105,"column":6},"end":{"line":110,"column":7}},{"start":{"line":108,"column":13},"end":{"line":110,"column":7}}],"line":105},"7":{"loc":{"start":{"line":117,"column":2},"end":{"line":121,"column":3}},"type":"if","locations":[{"start":{"line":117,"column":2},"end":{"line":121,"column":3}},{"start":{},"end":{}}],"line":117}},"s":{"0":2,"1":2,"2":2,"3":2,"4":2,"5":2,"6":2,"7":2,"8":2,"9":1,"10":0,"11":0,"12":0,"13":1,"14":2,"15":2,"16":2,"17":2,"18":0,"19":0,"20":2,"21":2,"22":0,"23":0,"24":0,"25":0,"26":0,"27":2,"28":0,"29":0,"30":0,"31":0,"32":0,"33":2,"34":0,"35":0,"36":0,"37":0,"38":0,"39":2,"40":0,"41":0,"42":0,"43":0,"44":0,"45":2,"46":0,"47":0,"48":0,"49":0,"50":0,"51":0,"52":0,"53":0,"54":0,"55":2},"f":{"0":2,"1":1,"2":2,"3":2,"4":0,"5":0,"6":0,"7":0,"8":0,"9":0,"10":0,"11":0,"12":0,"13":0,"14":0,"15":0},"b":{"0":[0,1],"1":[0,2],"2":[0,0],"3":[0,0],"4":[0,0],"5":[0,0],"6":[0,0],"7":[0,0]},"_coverageSchema":"1a1c01bbd47fc00a2c39e90264f33305004495a9","hash":"d31baf6b0db885594ca9d04d4542e66f5e0fd05f"}
}
