TN:
SF:app.js
FN:12,connectWithRetry
FN:21,(anonymous_1)
FN:39,(anonymous_2)
FN:40,(anonymous_3)
FN:51,(anonymous_4)
FN:52,(anonymous_5)
FN:63,(anonymous_6)
FN:64,(anonymous_7)
FN:75,(anonymous_8)
FN:76,(anonymous_9)
FN:87,(anonymous_10)
FN:88,(anonymous_11)
FN:99,(anonymous_12)
FN:104,(anonymous_13)
FN:116,startServerIfNeeded
FN:118,(anonymous_15)
FNF:16
FNH:4
FNDA:2,connectWithRetry
FNDA:1,(anonymous_1)
FNDA:2,(anonymous_2)
FNDA:2,(anonymous_3)
FNDA:0,(anonymous_4)
FNDA:0,(anonymous_5)
FNDA:0,(anonymous_6)
FNDA:0,(anonymous_7)
FNDA:0,(anonymous_8)
FNDA:0,(anonymous_9)
FNDA:0,(anonymous_10)
FNDA:0,(anonymous_11)
FNDA:0,(anonymous_12)
FNDA:0,(anonymous_13)
FNDA:0,startServerIfNeeded
FNDA:0,(anonymous_15)
DA:1,2
DA:2,2
DA:3,2
DA:4,2
DA:6,2
DA:7,2
DA:8,2
DA:13,2
DA:21,2
DA:22,1
DA:23,0
DA:25,0
DA:26,0
DA:28,1
DA:34,2
DA:39,2
DA:40,2
DA:41,2
DA:42,0
DA:43,0
DA:45,2
DA:51,2
DA:52,0
DA:53,0
DA:54,0
DA:55,0
DA:57,0
DA:63,2
DA:64,0
DA:65,0
DA:66,0
DA:67,0
DA:69,0
DA:75,2
DA:76,0
DA:77,0
DA:78,0
DA:79,0
DA:81,0
DA:87,2
DA:88,0
DA:89,0
DA:90,0
DA:91,0
DA:93,0
DA:99,2
DA:100,0
DA:101,0
DA:105,0
DA:106,0
DA:107,0
DA:109,0
DA:117,0
DA:118,0
DA:119,0
DA:123,2
LF:56
LH:22
BRDA:22,0,0,0
BRDA:22,0,1,1
BRDA:41,1,0,0
BRDA:41,1,1,2
BRDA:53,2,0,0
BRDA:53,2,1,0
BRDA:65,3,0,0
BRDA:65,3,1,0
BRDA:77,4,0,0
BRDA:77,4,1,0
BRDA:89,5,0,0
BRDA:89,5,1,0
BRDA:105,6,0,0
BRDA:105,6,1,0
BRDA:117,7,0,0
BRDA:117,7,1,0
BRF:16
BRH:2
end_of_record
